[09:00:56.156] [Info] Root: Preparing Root...
[09:00:56.156] [Info] Root: Done preparing Root.
[09:00:56.156] [Info] Client Version 1.3.2 (windows x86_64) Source ID: 4d70cfed23093a8e5abe06d662c6a5610fefc596 Protocol: 743
[09:00:56.156] [Info] Root: Scanning for asset sources in directory '..\assets\'
[09:00:56.488] [Info] Root: Scanning for asset sources in directory '..\mods\'
[09:00:56.488] [Warn] Root: Unrecognized file in asset directory 'mods_go_here', skipping
[09:00:56.496] [Info] Root: Detected asset source named 'base' at '..\assets\packed.pak'
[09:00:56.496] [Info] Root: Detected asset source named 'SC-Font' at '..\mods\星核.pak'
[09:00:56.496] [Info] Root: Detected unnamed asset source at '..\assets\user'
[09:00:56.496] [Info] Loading assets from: '..\assets\packed.pak'
[09:00:56.894] [Info] Loading assets from: '..\mods\星核.pak'
[09:00:56.894] [Info] Loading assets from: '..\assets\user'
[09:00:57.569] [Info] Assets digest is b57c9f91776ea4b4e2370f4ea05a80cd4c91b8319f7d3f451d5af3749dade860
[09:00:57.569] [Info] Root: Loaded Assets in 1.414 seconds
[09:00:57.581] [Info] Application: Initializing SDL Video
[09:00:57.591] [Info] Application: Initializing SDL Joystick
[09:00:57.621] [Info] Application: Initializing SDL Sound
[09:00:57.716] [Info] Initialized Steam services
[09:00:57.719] [Info] Application: Creating SDL Window
[09:01:00.182] [Info] Application: Enabling VSync with late swap tearing
[09:01:00.246] [Info] Application: Opened default audio device with 44.1khz / 16 bit stereo audio, 2048 sample size buffer
[09:01:00.259] [Info] OpenGL version: '4.5.0 NVIDIA 382.05' vendor: 'NVIDIA Corporation' renderer: 'GeForce GTX 1050 Ti/PCIe/SSE2' shader: '4.50 NVIDIA'
[09:01:00.301] [Info] Application: initialization...
[09:01:00.308] [Info] Root: Loaded Configuration in 0.00569582 seconds
[09:01:00.446] [Info] Application: renderer initialization...
[09:01:00.491] [Info] detected supported OpenGL texture size 32768, using atlasNumCells 128
[09:01:00.532] [Info] detected supported OpenGL texture size 32768, using atlasNumCells 64
[09:01:00.536] [Info] Root: Loaded ImageMetadataDatabase in 1.45869e-06 seconds
[09:01:00.567] [Info] Application: main update loop...
[09:01:00.611] [Info] Loading mods from user generated content with id '807695810' from directory 'C:\Program Files (x86)\Steam\steamapps\workshop\content\211820\807695810'
[09:01:00.612] [Info] Reloading to include all user generated content
[09:01:00.612] [Info] Root: Reloading from disk
[09:01:00.612] [Info] Root: Writing runtime configuration to '..\storage\starbound.config'
[09:01:00.645] [Info] Root: Loaded Configuration in 0.000854063 seconds
[09:01:00.645] [Info] Root: Scanning for asset sources in directory '..\assets\'
[09:01:01.215] [Info] Root: Scanning for asset sources in directory '..\mods\'
[09:01:01.216] [Warn] Root: Unrecognized file in asset directory 'mods_go_here', skipping
[09:01:01.216] [Info] Root: Scanning for asset sources in directory 'C:\Program Files (x86)\Steam\steamapps\workshop\content\211820\807695810'
[09:01:01.276] [Info] Root: Detected asset source named 'base' at '..\assets\packed.pak'
[09:01:01.276] [Info] Root: Detected asset source named 'SChinese' at 'C:\Program Files (x86)\Steam\steamapps\workshop\content\211820\807695810\contents.pak'
[09:01:01.276] [Info] Root: Detected asset source named 'SC-Font' at '..\mods\星核.pak'
[09:01:01.276] [Info] Root: Detected unnamed asset source at '..\assets\user'
[09:01:01.276] [Info] Loading assets from: '..\assets\packed.pak'
[09:01:01.709] [Info] Loading assets from: 'C:\Program Files (x86)\Steam\steamapps\workshop\content\211820\807695810\contents.pak'
[09:01:01.772] [Info] Loading assets from: '..\mods\星核.pak'
[09:01:01.773] [Info] Loading assets from: '..\assets\user'
[09:01:02.409] [Info] Assets digest is 26126e32531118fb43b4102de38bf7333af931c1dc529ad71393dca2990c7250
[09:01:02.409] [Info] Root: Loaded Assets in 1.76365 seconds
[09:01:02.428] [Info] Root: Loaded NameGenerator in 0.0181498 seconds
[09:01:02.480] [Info] Root: Loaded ImageMetadataDatabase in 1.45869e-06 seconds
[09:01:02.648] [Info] Root: Loaded PlantDatabase in 0.219664 seconds
[09:01:03.128] [Info] Root: Loaded ProjectileDatabase in 0.480229 seconds
[09:01:03.247] [Info] Root: Loaded ObjectDatabase in 0.836554 seconds
[09:01:03.346] [Info] Root: Loaded MonsterDatabase in 0.218107 seconds
[09:01:03.353] [Info] Root: Loaded StagehandDatabase in 0.00706845 seconds
[09:01:03.361] [Info] Root: Loaded VehicleDatabase in 0.00782259 seconds
[09:01:03.366] [Info] Root: Loaded PlayerFactory in 0.00509667 seconds
[09:01:03.376] [Info] Root: Loaded NpcDatabase in 0.129797 seconds
[09:01:03.381] [Info] Root: Loaded VersioningDatabase in 0.00518346 seconds
[09:01:03.381] [Info] Root: Loaded EntityFactory in 0.015139 seconds
[09:01:03.494] [Info] Root: Loaded ParticleDatabase in 0.11172 seconds
[09:01:03.789] [Info] Root: Loaded MaterialDatabase in 0.407098 seconds
[09:01:03.796] [Info] Root: Loaded TerrainDatabase in 0.00756805 seconds
[09:01:03.851] [Info] Root: Loaded BiomeDatabase in 0.054803 seconds
[09:01:03.854] [Info] Root: Loaded LiquidsDatabase in 0.00214646 seconds
[09:01:03.871] [Info] Root: Loaded StatusEffectDatabase in 0.0171203 seconds
[09:01:04.105] [Info] Root: Loaded DamageDatabase in 0.233499 seconds
[09:01:04.113] [Info] Root: Loaded EffectSourceDatabase in 0.00841482 seconds
[09:01:04.117] [Info] Root: Loaded FunctionDatabase in 0.00409199 seconds
[09:01:04.141] [Info] Root: Loaded TreasureDatabase in 0.0240115 seconds
[09:01:04.427] [Info] Root: Loaded DungeonDefinitions in 0.285292 seconds
[09:01:04.427] [Info] Root: Loaded TilesetDatabase in 0.000592228 seconds
[09:01:04.430] [Info] Root: Loaded StatisticsDatabase in 0.00237256 seconds
[09:01:04.430] [Info] Root: Loaded EmoteProcessor in 0.000313254 seconds
[09:01:04.439] [Info] Root: Loaded SpeciesDatabase in 0.0089002 seconds
[09:01:04.494] [Info] Root: Loaded QuestTemplateDatabase in 0.0551141 seconds
[09:01:04.497] [Info] Root: Loaded AiDatabase in 0.00271171 seconds
[09:01:04.499] [Info] Root: Loaded TechDatabase in 0.00215193 seconds
[09:01:04.518] [Info] Root: Loaded CodexDatabase in 0.0195563 seconds
[09:01:04.786] [Info] Root: Loaded BehaviorDatabase in 0.267482 seconds
[09:01:04.789] [Info] Root: Loaded DanceDatabase in 0.00309607 seconds
[09:01:04.795] [Info] Root: Loaded SpawnTypeDatabase in 0.00609186 seconds
[09:01:04.807] [Info] Root: Loaded RadioMessageDatabase in 0.0116531 seconds
[09:01:06.377] [Info] Root: Loaded ItemDatabase in 3.00071 seconds
[09:01:06.493] [Info] Root: Loaded CollectionDatabase in 1.68637 seconds
[09:01:07.113] [Info] detected supported OpenGL texture size 32768, using atlasNumCells 256
[09:01:12.569] [Info] UniverseClient: Joined server as client 88
[09:01:12.983] [Info] detected supported OpenGL texture size 32768, using atlasNumCells 64
[09:01:12.984] [Info] detected supported OpenGL texture size 32768, using atlasNumCells 128
[09:01:12.990] [Info] detected supported OpenGL texture size 32768, using atlasNumCells 256
[09:01:12.990] [Info] detected supported OpenGL texture size 32768, using atlasNumCells 256
[09:01:13.023] [Info] Setting steam rich presence connection as address 101.236.23.37:21025
[09:06:56.910] [Info] UniverseClient: Client disconnecting...
[09:06:57.013] [Info] Client received world stop packet, leaving: Removed
[09:06:57.075] [Info] Clearing steam rich presence connection
[09:06:59.937] [Info] UniverseServer: Acquiring universe lock file
[09:06:59.950] [Info] UniverseServer: Loading settings
[09:06:59.958] [Info] UniverseServer: Starting UniverseServer with UUID: 7444d8c23932badd8ee6e55952719b58
[09:06:59.966] [Info] UniverseServer: Logged in player 'shitake' locally
[09:06:59.966] [Info] UniverseServer: Logged in account '<anonymous>' as player 'shitake' from address local
[09:06:59.977] [Info] UniverseServer: Loading system world (-399751688, -245354472, 83986673) from disk storage
[09:06:59.991] [Info] UniverseClient: Joined server as client 1
[09:07:00.033] [Info] UniverseServer: Reviving player at ClientShipWorld:e6c67aa64e7070f3a591e31b57fec7a6
[09:07:00.034] [Info] UniverseServer: Client 'shitake' <1> (local) connected
[09:07:00.074] [Info] UniverseServer: Loading client ship world ClientShipWorld:e6c67aa64e7070f3a591e31b57fec7a6
[09:07:00.375] [Info] Protected dungeonIds for world set to (65524)
[09:07:00.483] [Info] detected supported OpenGL texture size 32768, using atlasNumCells 64
[09:07:00.483] [Info] detected supported OpenGL texture size 32768, using atlasNumCells 128
[09:07:00.488] [Info] detected supported OpenGL texture size 32768, using atlasNumCells 256
[09:07:00.488] [Info] detected supported OpenGL texture size 32768, using atlasNumCells 256
[09:07:00.488] [Info] Setting steam rich presence connection as steam id 76561198186985262
[09:07:00.677] [Info] UniverseServer: Warping player 1 to ClientShipWorld:e6c67aa64e7070f3a591e31b57fec7a6=1012.59.1009.5
[09:07:28.616] [Info] Root: Writing runtime configuration to '..\storage\starbound.config'
[09:09:28.682] [Info] Root: Writing runtime configuration to '..\storage\starbound.config'
[09:09:30.517] [Info] Chat: <shitake> 拉我一下/spawnitem rarespear 1 '{"altAbility":{"baseDps":0,"boostForce":-210,"boostSpeed":9999,"cooldownTime":0,"energyUsage":10,"projectileParameters":{"damageTeam":{"type":"ghostly"},"speed":-25,"timeToLive":0.15},"stances":{"fire":{"allowFlip":true,"allowRotate":true,"armRotation":270,"weaponOffset":[1.5,-3],"weaponRotation":180},"windup":{"allowFlip":true,"allowRotate":true,"armRotation":270,"duration":0,"weaponOffset":[1.5,-3],"weaponRotation":180}}},"altAbilityType":"rocketspear","animationCustom":{"animatedParts":{"parts":{"blade":{"properties":{"image":"/assetmissing.png","zLevel":3}},"handle":{"properties":{"image":"/assetmissing.png?replace;00000000=ffffff;ffffff00=ffffff?setcolor=ffffff?scalenearest=1?crop=0;0;26;50?blendmult=/objects/outpost/customsign/signplaceholder.png;0;-24?replace;01000101=FFFFFF00;01000201=FFFFFF00;01000301=FFFFFF00;01000401=FFFFFF00;01000501=FFFFFF00;01000601=FFFFFF00;01000701=000000FF;01000801=000000FF;02000101=FFB6B600;02000201=FFB6B600;02000301=FFB6B600;02000401=FFB6B600;02000501=FFB6B600;02000601=FFB6B600;02000701=000000FF;02000801=1D1C1CFF;03000101=FFB6B600;03000201=FFB6B600;03000301=FFB6B600;03000401=FFB6B600;03000501=FFB6B600;03000601=FFB6B600;03000701=FFB6B600;03000801=FFB6B600;04000101=FFB6B600;04000201=FFB6B600;04000301=FFB6B600;04000401=FFB6B600;04000501=FFB6B600;04000601=FFB6B600;04000701=FFB6B600;04000801=FFB6B600;05000101=FFB6B600;05000201=FFB6B600;05000301=FFB6B600;05000401=FFB6B600;05000501=FFB6B600;05000601=FFB6B600;05000701=FFB6B600;05000801=FFB6B600;06000101=FFB6B600;06000201=FFB6B600;06000301=FFB6B600;06000401=FFB6B600;06000501=FFB6B600;06000601=FFB6B600;06000701=FFB6B600;06000801=FFB6B600;07000101=FFB6B600;07000201=FFB6B600;07000301=FFB6B600;07000401=FFB6B600;07000501=FFB6B600;07000601=FFB6B600;07000701=FFB6B600;07000801=FFB6B600;08000101=FFB6B600;08000201=FFB6B600;08000301=FFB6B600;08000401=FFB6B600;08000501=FFB6B600;08000601=FFB6B600;08000701=FFB6B600;08000801=FFB6B600;09000101=FFB6B600;09000201=FFB6B600;09000301=FFB6B600;09000401=FFB6B600;09000501=383838FF;09000601=383838FF;09000701=383838FF;09000801=383838FF;10000101=FFB6B600;10000201=FFB6B600;10000301=FFB6B600;10000401=FFB6B600;10000501=383838FF;10000601=555555FF;10000701=555555FF;10000801=880901FF;11000101=FFB6B600;11000201=FFB6B600;11000301=FFB6B600;11000401=FFB6B600;11000501=383838FF;11000601=555555FF;11000701=8D581CFF;11000801=8D581CFF;12000101=FFB6B600;12000201=FFB6B600;12000301=FFB6B600;12000401=FFB6B600;12000501=383838FF;12000601=555555FF;12000701=8D581CFF;12000801=E7C474FF;13000101=FFB6B600;13000201=FFB6B600;13000301=FFB6B600;13000401=FFB6B600;13000501=383838FF;13000601=555555FF;13000701=8D581CFF;13000801=C88B28FF;14000101=FFB6B600;14000201=FFB6B600;14000301=FFB6B600;14000401=FFB6B600;14000501=383838FF;14000601=555555FF;14000701=663B14FF;14000801=8D581CFF;15000101=FFB6B600;15000201=FFB6B600;15000301=FFB6B600;15000401=FFB6B600;15000501=383838FF;15000601=555555FF;15000701=663B14FF;15000801=663B14FF;16000101=FFB6B600;16000201=FFB6B600;16000301=FFB6B600;16000401=FFB6B600;16000501=FFB6B600;16000601=383838FF;16000701=383838FF;16000801=151515FF;17000101=FFB6B600;17000201=FFB6B600;17000301=FFB6B600;17000401=FFB6B600;17000501=FFB6B600;17000601=FFB6B600;17000701=FFB6B600;17000801=FFB6B600;18000101=FFB6B600;18000201=FFB6B600;18000301=FFB6B600;18000401=FFB6B600;18000501=FFB6B600;18000601=FFB6B600;18000701=FFB6B600;18000801=FFB6B600;19000101=FFB6B600;19000201=FFB6B600;19000301=FFB6B600;19000401=FFB6B600;19000501=FFB6B600;19000601=FFB6B600;19000701=FFB6B600;19000801=FFB6B600;20000101=FFB6B600;20000201=FFB6B600;20000301=FFB6B600;20000401=FFB6B600;20000501=FFB6B600;20000601=FFB6B600;20000701=FFB6B600;20000801=FFB6B600;21000101=FFB6B600;21000201=FFB6B600;21000301=FFB6B600;21000401=FFB6B600;21000501=FFB6B600;21000601=FFB6B600;21000701=FFB6B600;21000801=FFB6B600;22000101=FFB6B600;22000201=FFB6B600;22000301=FFB6B600;22000401=FFB6B600;22000501=FFB6B600;22000601=FFB6B600;22000701=FFB6B600;22000801=FFB6B600;23000101=FFB6B600;23000201=FFB6B600;23000301=FFB6B600;23000401=FFB6B600;23000501=FFB6B600;23000601=FFB6B600;23000701=FFB6B600;23000801=FFB6B600;24000101=FFB6B600;24000201=FFB6B600;24000301=FFB6B600;24000401=FFB6B600;24000501=FFB6B600;24000601=FFB6B600;24000701=FFB6B600;24000801=FFB6B600;25000101=FFB6B600;25000201=FFB6B600;25000301=FFB6B600;25000401=FFB6B600;25000501=FFB6B600;25000601=FFB6B600;25000701=FFB6B600;25000801=FFB6B600;26000101=FFFFFF00;26000201=FFFFFF00;26000301=FFFFFF00;26000401=FFFFFF00;26000501=FFFFFF00;26000601=FFFFFF00;26000701=FFFFFF00;26000801=FFFFFF00?blendmult=/objects/outpost/customsign/signplaceholder.png;0;-32?replace;01000101=000000FF;01000201=000000FF;01000301=000000FF;01000401=151515FF;01000501=151515FF;01000601=FFFFFF00;01000701=FFFFFF00;01000801=FFFFFF00;02000101=1D1C1CFF;02000201=1D1C1CFF;02000301=1D1C1CFF;02000401=383838FF;02000501=151515FF;02000601=FFB6B600;02000701=FFB6B600;02000801=FFB6B600;03000101=00000000;03000201=00000000;03000301=00000000;03000401=383838FF;03000501=151515FF;03000601=FFB6B600;03000701=FFB6B600;03000801=FFB6B600;04000101=00000000;04000201=00000000;04000301=00000000;04000401=383838FF;04000501=151515FF;04000601=FFB6B600;04000701=FFB6B600;04000801=FFB6B600;05000101=FFB6B600;05000201=FFB6B600;05000301=FFB6B600;05000401=383838FF;05000501=151515FF;05000601=FFB6B600;05000701=FFB6B600;05000801=FFB6B600;06000101=FFB6B600;06000201=FFB6B600;06000301=FFB6B600;06000401=383838FF;06000501=151515FF;06000601=FFB6B600;06000701=FFB6B600;06000801=FFB6B600;07000101=FFB6B600;07000201=FFB6B600;07000301=FFB6B600;07000401=383838FF;07000501=151515FF;07000601=FFB6B600;07000701=FFB6B600;07000801=FFB6B600;08000101=FFB6B600;08000201=880901FF;08000301=880901FF;08000401=383838FF;08000501=151515FF;08000601=FFB6B600;08000701=FFB6B600;08000801=FFB6B600;09000101=880901FF;09000201=FF6F60FF;09000301=E4323AFF;09000401=880901FF;09000501=151515FF;09000601=383838FF;09000701=383838FF;09000801=383838FF;10000101=FF6F60FF;10000201=880901FF;10000301=880901FF;10000401=E4323AFF;10000501=880901FF;10000601=8D581CFF;10000701=8D581CFF;10000801=8D581CFF;11000101=8D581CFF;11000201=E0975CFF;11000301=8D581CFF;11000401=880901FF;11000501=E4323AFF;11000601=880901FF;11000701=C88B28FF;11000801=C88B28FF;12000101=E7C474FF;12000201=8D581CFF;12000301=E7C474FF;12000401=663B14FF;12000501=880901FF;12000601=663B14FF;12000701=663B14FF;12000801=663B14FF;13000101=C88B28FF;13000201=8D581CFF;13000301=C88B28FF;13000401=141414FF;13000501=141414FF;13000601=6D0103FF;13000701=02DA37FF;13000801=151515FF;14000101=8D581CFF;14000201=663B14FF;14000301=8D581CFF;14000401=663B14FF;14000501=663B14FF;14000601=663B14FF;14000701=663B14FF;14000801=663B14FF;15000101=663B14FF;15000201=663B14FF;15000301=663B14FF;15000401=8D581CFF;15000501=8D581CFF;15000601=C88B28FF;15000701=C88B28FF;15000801=C88B28FF;16000101=151515FF;16000201=000000FF;16000301=663B14FF;16000401=663B14FF;16000501=663B14FF;16000601=663B14FF;16000701=663B14FF;16000801=663B14FF;17000101=FFB6B600;17000201=FFB6B600;17000301=FFB6B600;17000401=FFB6B600;17000501=FFB6B600;17000601=FFB6B600;17000701=FFB6B600;17000801=FFB6B600;18000101=FFB6B600;18000201=FFB6B600;18000301=FFB6B600;18000401=FFB6B600;18000501=FFB6B600;18000601=FFB6B600;18000701=FFB6B600;18000801=FFB6B600;19000101=FFB6B600;19000201=FFB6B600;19000301=FFB6B600;19000401=FFB6B600;19000501=FFB6B600;19000601=FFB6B600;19000701=FFB6B600;19000801=FFB6B600;20000101=FFB6B600;20000201=FFB6B600;20000301=FFB6B600;20000401=FFB6B600;20000501=FFB6B600;20000601=FFB6B600;20000701=FFB6B600;20000801=FFB6B600;21000101=FFB6B600;21000201=FFB6B600;21000301=FFB6B600;21000401=FFB6B600;21000501=FFB6B600;21000601=FFB6B600;21000701=FFB6B600;21000801=FFB6B600;22000101=FFB6B600;22000201=FFB6B600;22000301=FFB6B600;22000401=FFB6B600;22000501=FFB6B600;22000601=FFB6B600;22000701=FFB6B600;22000801=FFB6B600;23000101=FFB6B600;23000201=FFB6B600;23000301=FFB6B600;23000401=FFB6B600;23000501=FFB6B600;23000601=FFB6B600;23000701=FFB6B600;23000801=FFB6B600;24000101=FFB6B600;24000201=FFB6B600;24000301=FFB6B600;24000401=FFB6B600;24000501=FFB6B600;24000601=FFB6B600;24000701=FFB6B600;24000801=FFB6B600;25000101=FFB6B600;25000201=FFB6B600;25000301=FFB6B600;25000401=FFB6B600;25000501=FFB6B600;25000601=FFB6B600;25000701=FFB6B600;25000801=FFB6B600;26000101=FFFFFF00;26000201=FFFFFF00;26000301=FFFFFF00;26000401=FFFFFF00;26000501=FFFFFF00;26000601=FFFFFF00;26000701=FFFFFF00;26000801=FFFFFF00?blendmult=/objects/outpost/customsign/signplaceholder.png;0;-40?replace;01000101=FFFFFF00;01000201=FFFFFF00;01000301=FFFFFF00;01000401=FFFFFF00;01000501=FFFFFF00;01000601=FFFFFF00;01000701=FFFFFF00;01000801=FFFFFF00;02000101=FFB6B600;02000201=FFB6B600;02000301=FFB6B600;02000401=FFB6B600;02000501=FFB6B600;02000601=FFB6B600;02000701=FFB6B600;02000801=FFB6B600;03000101=FFB6B600;03000201=FFB6B600;03000301=FFB6B600;03000401=FFB6B600;03000501=FFB6B600;03000601=FFB6B600;03000701=FFB6B600;03000801=FFB6B600;04000101=FFB6B600;04000201=FFB6B600;04000301=FFB6B600;04000401=FFB6B600;04000501=FFB6B600;04000601=FFB6B600;04000701=FFB6B600;04000801=FFB6B600;05000101=FFB6B600;05000201=FFB6B600;05000301=FFB6B600;05000401=FFB6B600;05000501=FFB6B600;05000601=FFB6B600;05000701=FFB6B600;05000801=FFB6B600;06000101=FFB6B600;06000201=FFB6B600;06000301=FFB6B600;06000401=FFB6B600;06000501=FFB6B600;06000601=FFB6B600;06000701=FFB6B600;06000801=FFB6B600;07000101=FFB6B600;07000201=FFB6B600;07000301=FFB6B600;07000401=FFB6B600;07000501=FFB6B600;07000601=FFB6B600;07000701=FFB6B600;07000801=FFB6B600;08000101=FFB6B600;08000201=FFB6B600;08000301=FFB6B600;08000401=FFB6B600;08000501=FFB6B600;08000601=FFB6B600;08000701=FFB6B600;08000801=FFB6B600;09000101=383838FF;09000201=383838FF;09000301=FFB6B600;09000401=FFB6B600;09000501=FFB6B600;09000601=FFB6B600;09000701=FFB6B600;09000801=FFB6B600;10000101=8D581CFF;10000201=383838FF;10000301=FFB6B600;10000401=FFB6B600;10000501=FFB6B600;10000601=FFB6B600;10000701=FFB6B600;10000801=FFB6B600;11000101=663B14FF;11000201=8D581CFF;11000301=8D581CFF;11000401=FFB6B600;11000501=FFB6B600;11000601=FFB6B600;11000701=FFB6B600;11000801=FFB6B600;12000101=663B14FF;12000201=E7C474FF;12000301=8D581CFF;12000401=FFB6B600;12000501=FFB6B600;12000601=FFB6B600;12000701=FFB6B600;12000801=FFB6B600;13000101=663B14FF;13000201=C88B28FF;13000301=8D581CFF;13000401=FFB6B600;13000501=FFB6B600;13000601=FFB6B600;13000701=FFB6B600;13000801=FFB6B600;14000101=663B14FF;14000201=8D581CFF;14000301=663B14FF;14000401=FFB6B600;14000501=FFB6B600;14000601=FFB6B600;14000701=FFB6B600;14000801=FFB6B600;15000101=663B14FF;15000201=663B14FF;15000301=663B14FF;15000401=FFB6B600;15000501=FFB6B600;15000601=FFB6B600;15000701=FFB6B600;15000801=FFB6B600;16000101=663B14FF;16000201=FFB6B600;16000301=FFB6B600;16000401=FFB6B600;16000501=FFB6B600;16000601=FFB6B600;16000701=FFB6B600;16000801=FFB6B600;17000101=FFB6B600;17000201=FFB6B600;17000301=FFB6B600;17000401=FFB6B600;17000501=FFB6B600;17000601=FFB6B600;17000701=FFB6B600;17000801=FFB6B600;18000101=FFB6B600;18000201=FFB6B600;18000301=FFB6B600;18000401=FFB6B600;18000501=FFB6B600;18000601=FFB6B600;18000701=FFB6B600;18000801=FFB6B600;19000101=FFB6B600;19000201=FFB6B600;19000301=FFB6B600;19000401=FFB6B600;19000501=FFB6B600;19000601=FFB6B600;19000701=FFB6B600;19000801=FFB6B600;20000101=FFB6B600;20000201=FFB6B600;20000301=FFB6B600;20000401=FFB6B600;20000501=FFB6B600;20000601=FFB6B600;20000701=FFB6B600;20000801=FFB6B600;21000101=FFB6B600;21000201=FFB6B600;21000301=FFB6B600;21000401=FFB6B600;21000501=FFB6B600;21000601=FFB6B600;21000701=FFB6B600;21000801=FFB6B600;22000101=FFB6B600;22000201=FFB6B600;22000301=FFB6B600;22000401=FFB6B600;22000501=FFB6B600;22000601=FFB6B600;22000701=FFB6B600;22000801=FFB6B600;23000101=FFB6B600;23000201=FFB6B600;23000301=FFB6B600;23000401=FFB6B600;23000501=FFB6B600;23000601=FFB6B600;23000701=FFB6B600;23000801=FFB6B600;24000101=FFB6B600;24000201=FFB6B600;24000301=FFB6B600;24000401=FFB6B600;24000501=FFB6B600;24000601=FFB6B600;24000701=FFB6B600;24000801=FFB6B600;25000101=FFB6B600;25000201=FFB6B600;25000301=FFB6B600;25000401=FFB6B600;25000501=FFB6B600;25000601=FFB6B600;25000701=FFB6B600;25000801=FFB6B600;26000101=FFFFFF00;26000201=FFFFFF00;26000301=FFFFFF00;26000401=FFFFFF00;26000501=FFFFFF00;26000601=FFFFFF00;26000701=FFFFFF00;26000801=FFFFFF00?replace;ffffffff=00000000","offset":[0.1,2.1],"zLevel":3}}}}},"animationPartVariants":{"blade":35,"handle":22},"category":"Tool","createdby":"HY","description":"Right-Click to Fly. Useful in Zero-G environments. ","elementalType":"fire","inventoryIcon":[{"image":"/objects/outpost/customsign/signplaceholder.png?replace;01000101=FFFFFF00;01000201=FFFFFF00;01000301=00000000;01000401=00000000;01000501=00000000;01000601=2A2F4CFF;01000701=080C1AFF;01000801=2A2F4CFF;02000101=FFFFFF00;02000201=FFFFFF00;02000301=2A2F4CFF;02000401=2A2F4CFF;02000501=2A2F4CFF;02000601=505476FF;02000701=8386A4FF;02000801=505476FF;03000101=FFFFFF00;03000201=FFFFFF00;03000301=505476FF;03000401=505476FF;03000501=505476FF;03000601=505476FF;03000701=080C1AFF;03000801=505476FF;04000101=FFFFFF00;04000201=FFFFFF00;04000301=B8B9CDFF;04000401=8386A4FF;04000501=B8B9CDFF;04000601=505476FF;04000701=B8B9CDFF;04000801=8386A4FF;05000101=FFFFFF00;05000201=FFFFFF00;05000301=B8B9CDFF;05000401=8386A4FF;05000501=B8B9CDFF;05000601=505476FF;05000701=B8B9CDFF;05000801=8386A4FF;06000101=FFFFFF00;06000201=FFFFFF00;06000301=B8B9CDFF;06000401=8386A4FF;06000501=B8B9CDFF;06000601=505476FF;06000701=080C1AFF;06000801=8386A4FF;07000101=FFFFFF00;07000201=FFFFFF00;07000301=2A2F4CFF;07000401=2A2F4CFF;07000501=2A2F4CFF;07000601=505476FF;07000701=B8B9CDFF;07000801=8386A4FF;08000101=00000000;08000201=00000000;08000301=00000000;08000401=00000000;08000501=00000000;08000601=2A2F4CFF;08000701=080C1AFF;08000801=2A2F4CFF;09000101=FFFFFF00;09000201=FFFFFF00;09000301=FFFFFF00;09000401=FFFFFF00;09000501=FFFFFF00;09000601=FFFFFF00;09000701=FFFFFF00;09000801=FFFFFF00;10000101=FFFFFF00;10000201=FFFFFF00;10000301=FFFFFF00;10000401=FFFFFF00;10000501=FFFFFF00;10000601=FFFFFF00;10000701=FFFFFF00;10000801=FFFFFF00;11000101=FFFFFF00;11000201=FFFFFF00;11000301=FFFFFF00;11000401=FFFFFF00;11000501=FFFFFF00;11000601=FFFFFF00;11000701=FFFFFF00;11000801=FFFFFF00;12000101=FFFFFF00;12000201=FFFFFF00;12000301=FFFFFF00;12000401=FFFFFF00;12000501=FFFFFF00;12000601=FFFFFF00;12000701=FFFFFF00;12000801=FFFFFF00;13000101=FFFFFF00;13000201=FFFFFF00;13000301=FFFFFF00;13000401=FFFFFF00;13000501=FFFFFF00;13000601=FFFFFF00;13000701=FFFFFF00;13000801=FFFFFF00;14000101=FFFFFF00;14000201=FFFFFF00;14000301=FFFFFF00;14000401=FFFFFF00;14000501=FFFFFF00;14000601=FFFFFF00;14000701=FFFFFF00;14000801=FFFFFF00;15000101=FFFFFF00;15000201=FFFFFF00;15000301=FFFFFF00;15000401=FFFFFF00;15000501=FFFFFF00;15000601=FFFFFF00;15000701=FFFFFF00;15000801=FFFFFF00;16000101=FFFFFF00;16000201=FFFFFF00;16000301=FFFFFF00;16000401=FFFFFF00;16000501=FFFFFF00;16000601=FFFFFF00;16000701=FFFFFF00;16000801=FFFFFF00;17000101=FFFFFF00;17000201=FFFFFF00;17000301=FFFFFF00;17000401=FFFFFF00;17000501=FFFFFF00;17000601=FFFFFF00;17000701=FFFFFF00;17000801=FFFFFF00;18000101=FFFFFF00;18000201=FFFFFF00;18000301=FFFFFF00;18000401=FFFFFF00;18000501=FFFFFF00;18000601=FFFFFF00;18000701=FFFFFF00;18000801=FFFFFF00;19000101=FFFFFF00;19000201=FFFFFF00;19000301=FFFFFF00;19000401=FFFFFF00;19000501=FFFFFF00;19000601=FFFFFF00;19000701=FFFFFF00;19000801=FFFFFF00;20000101=FFFFFF00;20000201=FFFFFF00;20000301=FFFFFF00;20000401=FFFFFF00;20000501=FFFFFF00;20000601=FFFFFF00;20000701=FFFFFF00;20000801=FFFFFF00;21000101=FFFFFF00;21000201=FFFFFF00;21000301=FFFFFF00;21000401=FFFFFF00;21000501=FFFFFF00;21000601=FFFFFF00;21000701=FFFFFF00;21000801=FFFFFF00;22000101=FFFFFF00;22000201=FFFFFF00;22000301=FFFFFF00;22000401=FFFFFF00;22000501=FFFFFF00;22000601=FFFFFF00;22000701=FFFFFF00;22000801=FFFFFF00;23000101=FFFFFF00;23000201=FFFFFF00;23000301=FFFFFF00;23000401=FFFFFF00;23000501=FFFFFF00;23000601=FFFFFF00;23000701=FFFFFF00;23000801=FFFFFF00;24000101=FFFFFF00;24000201=FFFFFF00;24000301=FFFFFF00;24000401=FFFFFF00;24000501=FFFFFF00;24000601=FFFFFF00;24000701=FFFFFF00;24000801=FFFFFF00;25000101=FFFFFF00;25000201=FFFFFF00;25000301=FFFFFF00;25000401=FFFFFF00;25000501=FFFFFF00;25000601=FFFFFF00;25000701=FFFFFF00;25000801=FFFFFF00;26000101=FFFFFF00;26000201=FFFFFF00;26000301=FFFFFF00;26000401=FFFFFF00;26000501=FFFFFF00;26000601=FFFFFF00;26000701=FFFFFF00;26000801=FFFFFF00;27000101=FFFFFF00;27000201=FFFFFF00;27000301=FFFFFF00;27000401=FFFFFF00;27000501=FFFFFF00;27000601=FFFFFF00;27000701=FFFFFF00;27000801=FFFFFF00;28000101=FFFFFF00;28000201=FFFFFF00;28000301=FFFFFF00;28000401=FFFFFF00;28000501=FFFFFF00;28000601=FFFFFF00;28000701=FFFFFF00;28000801=FFFFFF00;29000101=FFFFFF00;29000201=FFFFFF00;29000301=FFFFFF00;29000401=FFFFFF00;29000501=FFFFFF00;29000601=FFFFFF00;29000701=FFFFFF00;29000801=FFFFFF00;30000101=FFFFFF00;30000201=FFFFFF00;30000301=FFFFFF00;30000401=FFFFFF00;30000501=FFFFFF00;30000601=FFFFFF00;30000701=FFFFFF00;30000801=FFFFFF00;31000101=FFFFFF00;31000201=FFFFFF00;31000301=FFFFFF00;31000401=FFFFFF00;31000501=FFFFFF00;31000601=FFFFFF00;31000701=FFFFFF00;31000801=FFFFFF00;32000101=FFFFFF00;32000201=FFFFFF00;32000301=FFFFFF00;32000401=FFFFFF00;32000501=FFFFFF00;32000601=FFFFFF00;32000701=FFFFFF00;32000801=FFFFFF00","position":[0,56]}],"level":9999999827968,"maxStack":1,"price":0,"primaryAbility":{"baseDps":0,"baseDpsFactor":0.932608,"energyUsageFactor":0.708417,"fireTime":1000000000,"fireTimeFactor":0.8111,"stances":{"idle":{"allowRotate":false,"armRotation":270,"twoHanded":true,"weaponOffset":[1.5,-3],"weaponRotation":180}}},"primaryAbilityType":"spearstab","rarity":"legendary","seed":16,"shortdescription":"Compact Jetpack","tooltipKind":"tool"}'
[09:09:53.705] [Info] Root: Writing runtime configuration to '..\storage\starbound.config'
[09:10:08.722] [Info] Root: Writing runtime configuration to '..\storage\starbound.config'
[09:10:21.455] [Warn] Error while processing /spawnitem 'rarespear' command. Json parse problem: (JsonParsingException) Error extra data at end of input at 1:17522
[09:10:21.558] [Info] Chat: <server> Could not parse item parameters
[09:11:21.307] [Info] UniverseClient: Client disconnecting...
[09:11:21.340] [Info] Client received world stop packet, leaving: Removed
[09:11:21.534] [Info] UniverseServer: Client 'shitake' <1> (local) disconnected for reason: 
[09:11:21.535] [Info] UniverseServer: Stopping idle world ClientShipWorld:e6c67aa64e7070f3a591e31b57fec7a6
[09:11:21.873] [Info] UniverseServer: Stopping UniverseServer
[09:11:21.895] [Info] Clearing steam rich presence connection
[09:11:27.006] [Info] UniverseClient: Joined server as client 89
[09:11:27.433] [Info] detected supported OpenGL texture size 32768, using atlasNumCells 64
[09:11:27.434] [Info] detected supported OpenGL texture size 32768, using atlasNumCells 128
[09:11:27.439] [Info] detected supported OpenGL texture size 32768, using atlasNumCells 256
[09:11:27.439] [Info] detected supported OpenGL texture size 32768, using atlasNumCells 256
[09:11:27.588] [Info] Setting steam rich presence connection as address 101.236.23.37:21025
[09:12:38.823] [Info] Root: Writing runtime configuration to '..\storage\starbound.config'
[09:12:48.842] [Info] Root: Writing runtime configuration to '..\storage\starbound.config'
[09:56:05.146] [Info] Client received world stop packet, leaving: Removed
[09:56:36.144] [Info] Client received world stop packet, leaving: Removed
[09:57:26.328] [Info] Client received world stop packet, leaving: Removed
[09:57:33.877] [Info] Client received world stop packet, leaving: Removed
[10:01:18.037] [Info] Client received world stop packet, leaving: Removed
[10:04:53.063] [Info] Client received world stop packet, leaving: Removed
[10:06:04.437] [Info] UniverseClient: Client disconnecting...
[10:06:04.523] [Info] Client received world stop packet, leaving: Removed
[10:06:04.574] [Info] Clearing steam rich presence connection
[10:06:08.208] [Info] UniverseServer: Acquiring universe lock file
[10:06:08.223] [Info] UniverseServer: Loading settings
[10:06:08.230] [Info] UniverseServer: Starting UniverseServer with UUID: 7444d8c23932badd8ee6e55952719b58
[10:06:08.238] [Info] UniverseServer: Logged in player 'shitake' locally
[10:06:08.238] [Info] UniverseServer: Logged in account '<anonymous>' as player 'shitake' from address local
[10:06:08.249] [Info] UniverseServer: Loading system world (-399751688, -245354472, 83986673) from disk storage
[10:06:08.261] [Info] UniverseClient: Joined server as client 1
[10:06:08.322] [Info] UniverseServer: Reviving player at ClientShipWorld:e6c67aa64e7070f3a591e31b57fec7a6
[10:06:08.323] [Info] UniverseServer: Client 'shitake' <1> (local) connected
[10:06:08.345] [Info] UniverseServer: Loading client ship world ClientShipWorld:e6c67aa64e7070f3a591e31b57fec7a6
[10:06:08.646] [Info] Protected dungeonIds for world set to (65524)
[10:06:08.778] [Info] detected supported OpenGL texture size 32768, using atlasNumCells 64
[10:06:08.778] [Info] detected supported OpenGL texture size 32768, using atlasNumCells 128
[10:06:08.784] [Info] detected supported OpenGL texture size 32768, using atlasNumCells 256
[10:06:08.784] [Info] detected supported OpenGL texture size 32768, using atlasNumCells 256
[10:06:08.784] [Info] Setting steam rich presence connection as steam id 76561198186985262
[10:06:09.047] [Info] UniverseServer: Warping player 1 to ClientShipWorld:e6c67aa64e7070f3a591e31b57fec7a6=1031.08.1024
[10:09:57.374] [Info] UniverseClient: Client disconnecting...
[10:09:57.404] [Info] Client received world stop packet, leaving: Removed
[10:09:57.633] [Info] UniverseServer: Client 'shitake' <1> (local) disconnected for reason: 
[10:09:57.633] [Info] UniverseServer: Stopping idle world ClientShipWorld:e6c67aa64e7070f3a591e31b57fec7a6
[10:09:57.979] [Info] UniverseServer: Stopping UniverseServer
[10:09:58.013] [Info] Clearing steam rich presence connection
[10:10:06.200] [Info] UniverseClient: Joined server as client 90
[10:10:06.720] [Info] detected supported OpenGL texture size 32768, using atlasNumCells 64
[10:10:06.720] [Info] detected supported OpenGL texture size 32768, using atlasNumCells 128
[10:10:06.726] [Info] detected supported OpenGL texture size 32768, using atlasNumCells 256
[10:10:06.726] [Info] detected supported OpenGL texture size 32768, using atlasNumCells 256
[10:10:06.885] [Info] Setting steam rich presence connection as address 101.236.23.37:21025
[10:10:14.497] [Info] Client received world stop packet, leaving: Removed
[10:10:22.913] [Info] Client received world stop packet, leaving: Removed
[10:14:13.167] [Info] Chat: <server> Player '史考特' disconnected
[10:14:47.164] [Info] Chat: <server> Player '史考特' connected
[10:24:25.414] [Info] Client received world stop packet, leaving: Removed
[10:24:30.071] [Info] UniverseClient: Client disconnecting...
[10:24:30.205] [Info] Client received world stop packet, leaving: Removed
[10:24:30.554] [Info] Clearing steam rich presence connection
[10:24:33.463] [Info] UniverseServer: Acquiring universe lock file
[10:24:33.470] [Info] UniverseServer: Loading settings
[10:24:33.472] [Info] UniverseServer: Starting UniverseServer with UUID: 7444d8c23932badd8ee6e55952719b58
[10:24:33.481] [Info] UniverseServer: Logged in player 'shitake' locally
[10:24:33.481] [Info] UniverseServer: Logged in account '<anonymous>' as player 'shitake' from address local
[10:24:33.491] [Info] UniverseServer: Loading system world (-399751688, -245354472, 83986673) from disk storage
[10:24:33.504] [Info] UniverseClient: Joined server as client 1
[10:24:33.537] [Info] UniverseServer: Reviving player at ClientShipWorld:e6c67aa64e7070f3a591e31b57fec7a6
[10:24:33.537] [Info] UniverseServer: Client 'shitake' <1> (local) connected
[10:24:33.591] [Info] UniverseServer: Loading client ship world ClientShipWorld:e6c67aa64e7070f3a591e31b57fec7a6
[10:24:33.879] [Info] Protected dungeonIds for world set to (65524)
[10:24:33.994] [Info] detected supported OpenGL texture size 32768, using atlasNumCells 64
[10:24:33.994] [Info] detected supported OpenGL texture size 32768, using atlasNumCells 128
[10:24:34.001] [Info] detected supported OpenGL texture size 32768, using atlasNumCells 256
[10:24:34.001] [Info] detected supported OpenGL texture size 32768, using atlasNumCells 256
[10:24:34.001] [Info] Setting steam rich presence connection as steam id 76561198186985262
[10:24:34.295] [Info] UniverseServer: Warping player 1 to ClientShipWorld:e6c67aa64e7070f3a591e31b57fec7a6=1002.13.1024
[10:25:16.883] [Info] UniverseClient: Client disconnecting...
[10:25:16.920] [Info] Client received world stop packet, leaving: Removed
[10:25:17.126] [Info] UniverseServer: Client 'shitake' <1> (local) disconnected for reason: 
[10:25:17.127] [Info] UniverseServer: Stopping idle world ClientShipWorld:e6c67aa64e7070f3a591e31b57fec7a6
[10:25:17.503] [Info] UniverseServer: Stopping UniverseServer
[10:25:17.525] [Info] Clearing steam rich presence connection
[10:25:22.761] [Info] UniverseClient: Joined server as client 92
[10:25:23.160] [Info] detected supported OpenGL texture size 32768, using atlasNumCells 64
[10:25:23.160] [Info] detected supported OpenGL texture size 32768, using atlasNumCells 128
[10:25:23.165] [Info] detected supported OpenGL texture size 32768, using atlasNumCells 256
[10:25:23.165] [Info] detected supported OpenGL texture size 32768, using atlasNumCells 256
[10:25:23.323] [Info] Setting steam rich presence connection as address 101.236.23.37:21025
[10:25:29.731] [Info] Client received world stop packet, leaving: Removed
[10:45:26.802] [Info] Chat: <SAIL> 你现在非常的饿！必须立刻吃些食物才行。
[10:45:45.004] [Info] Client received world stop packet, leaving: Removed
[10:45:53.969] [Info] Client received world stop packet, leaving: Removed
[11:04:22.920] [Info] Chat: <SAIL> 我发现你吃饱了！吃饱时，你的身体将会缓慢地得到愈合并痊愈。
[11:04:57.890] [Info] Root: Writing runtime configuration to '..\storage\starbound.config'
[11:05:02.906] [Info] Root: Writing runtime configuration to '..\storage\starbound.config'
[11:06:42.613] [Info] UniverseClient: Client disconnecting...
[11:06:42.712] [Info] Client received world stop packet, leaving: Removed
[11:06:42.785] [Info] Clearing steam rich presence connection
[11:06:44.578] [Info] Application: quit requested
[11:06:44.578] [Info] Application: quitting...
[11:06:44.578] [Info] Application: shutdown...
[11:06:44.788] [Info] Root: Shutting down Root
[11:06:45.384] [Info] Application: Destroying SDL Window
[11:06:45.703] [Info] Application: stopped gracefully
